1721854233.743809 client started (29431): version 3.4, socket /private/tmp/tmux-501/default, protocol 8
1721854233.743916 on Darwin 23.3.0 Darwin Kernel Version 23.3.0: Wed Dec 20 21:30:59 PST 2023; root:xnu-10002.81.5~7/RELEASE_ARM64_T6030
1721854233.743933 using libevent 2.1.12-stable select
1721854233.743965 using utf8proc 2.9.0
1721854233.743974 using ncurses 6.5 20240427
1721854233.743996 flags are 0x10010000
1721854233.744005 socket is /private/tmp/tmux-501/default
1721854233.744020 trying connect
1721854233.744074 add peer 0x110008000: 6 (0x0)
1721854233.746798 sending message 100 to peer 0x110008000 (4 bytes)
1721854233.746812 sending message 111 to peer 0x110008000 (8 bytes)
1721854233.746820 sending message 101 to peer 0x110008000 (14 bytes)
1721854233.746827 sending message 109 to peer 0x110008000 (4 bytes)
1721854233.746834 sending message 102 to peer 0x110008000 (13 bytes)
1721854233.746840 sending message 108 to peer 0x110008000 (35 bytes)
1721854233.746846 sending message 112 to peer 0x110008000 (70 bytes)
1721854233.746852 sending message 112 to peer 0x110008000 (5 bytes)
1721854233.746858 sending message 112 to peer 0x110008000 (5 bytes)
1721854233.746864 sending message 112 to peer 0x110008000 (6 bytes)
1721854233.746870 sending message 112 to peer 0x110008000 (6 bytes)
1721854233.746876 sending message 112 to peer 0x110008000 (11 bytes)
1721854233.746881 sending message 112 to peer 0x110008000 (10 bytes)
1721854233.746887 sending message 112 to peer 0x110008000 (13 bytes)
1721854233.746893 sending message 112 to peer 0x110008000 (13 bytes)
1721854233.746899 sending message 112 to peer 0x110008000 (18 bytes)
1721854233.746905 sending message 112 to peer 0x110008000 (11 bytes)
1721854233.746911 sending message 112 to peer 0x110008000 (10 bytes)
1721854233.746917 sending message 112 to peer 0x110008000 (15 bytes)
1721854233.746923 sending message 112 to peer 0x110008000 (21 bytes)
1721854233.746929 sending message 112 to peer 0x110008000 (13 bytes)
1721854233.746934 sending message 112 to peer 0x110008000 (7 bytes)
1721854233.746941 sending message 112 to peer 0x110008000 (13 bytes)
1721854233.746946 sending message 112 to peer 0x110008000 (7 bytes)
1721854233.746952 sending message 112 to peer 0x110008000 (13 bytes)
1721854233.746958 sending message 112 to peer 0x110008000 (9 bytes)
1721854233.746964 sending message 112 to peer 0x110008000 (21 bytes)
1721854233.746970 sending message 112 to peer 0x110008000 (13 bytes)
1721854233.746976 sending message 112 to peer 0x110008000 (8 bytes)
1721854233.746982 sending message 112 to peer 0x110008000 (12 bytes)
1721854233.746987 sending message 112 to peer 0x110008000 (13 bytes)
1721854233.746993 sending message 112 to peer 0x110008000 (9 bytes)
1721854233.746999 sending message 112 to peer 0x110008000 (9 bytes)
1721854233.747005 sending message 112 to peer 0x110008000 (12 bytes)
1721854233.747010 sending message 112 to peer 0x110008000 (8 bytes)
1721854233.747016 sending message 112 to peer 0x110008000 (7 bytes)
1721854233.747022 sending message 112 to peer 0x110008000 (7 bytes)
1721854233.747028 sending message 112 to peer 0x110008000 (9 bytes)
1721854233.747034 sending message 112 to peer 0x110008000 (13 bytes)
1721854233.747040 sending message 112 to peer 0x110008000 (6 bytes)
1721854233.747046 sending message 112 to peer 0x110008000 (9 bytes)
1721854233.747051 sending message 112 to peer 0x110008000 (13 bytes)
1721854233.747057 sending message 112 to peer 0x110008000 (12 bytes)
1721854233.747063 sending message 112 to peer 0x110008000 (8 bytes)
1721854233.747069 sending message 112 to peer 0x110008000 (9 bytes)
1721854233.747075 sending message 112 to peer 0x110008000 (10 bytes)
1721854233.747081 sending message 112 to peer 0x110008000 (10 bytes)
1721854233.747087 sending message 112 to peer 0x110008000 (10 bytes)
1721854233.747093 sending message 112 to peer 0x110008000 (10 bytes)
1721854233.747099 sending message 112 to peer 0x110008000 (11 bytes)
1721854233.747105 sending message 112 to peer 0x110008000 (10 bytes)
1721854233.747111 sending message 112 to peer 0x110008000 (8 bytes)
1721854233.747130 sending message 112 to peer 0x110008000 (11 bytes)
1721854233.747135 sending message 112 to peer 0x110008000 (11 bytes)
1721854233.747141 sending message 112 to peer 0x110008000 (11 bytes)
1721854233.747145 sending message 112 to peer 0x110008000 (8 bytes)
1721854233.747149 sending message 112 to peer 0x110008000 (8 bytes)
1721854233.747153 sending message 112 to peer 0x110008000 (8 bytes)
1721854233.747158 sending message 112 to peer 0x110008000 (10 bytes)
1721854233.747163 sending message 112 to peer 0x110008000 (10 bytes)
1721854233.747168 sending message 112 to peer 0x110008000 (10 bytes)
1721854233.747172 sending message 112 to peer 0x110008000 (10 bytes)
1721854233.747176 sending message 112 to peer 0x110008000 (10 bytes)
1721854233.747180 sending message 112 to peer 0x110008000 (11 bytes)
1721854233.747183 sending message 112 to peer 0x110008000 (11 bytes)
1721854233.747187 sending message 112 to peer 0x110008000 (10 bytes)
1721854233.747191 sending message 112 to peer 0x110008000 (9 bytes)
1721854233.747195 sending message 112 to peer 0x110008000 (9 bytes)
1721854233.747198 sending message 112 to peer 0x110008000 (12 bytes)
1721854233.747202 sending message 112 to peer 0x110008000 (9 bytes)
1721854233.747206 sending message 112 to peer 0x110008000 (6 bytes)
1721854233.747210 sending message 112 to peer 0x110008000 (8 bytes)
1721854233.747214 sending message 112 to peer 0x110008000 (15 bytes)
1721854233.747218 sending message 112 to peer 0x110008000 (13 bytes)
1721854233.747222 sending message 112 to peer 0x110008000 (9 bytes)
1721854233.747226 sending message 112 to peer 0x110008000 (70 bytes)
1721854233.747229 sending message 112 to peer 0x110008000 (69 bytes)
1721854233.747233 sending message 112 to peer 0x110008000 (10 bytes)
1721854233.747237 sending message 112 to peer 0x110008000 (10 bytes)
1721854233.747241 sending message 112 to peer 0x110008000 (8 bytes)
1721854233.747245 sending message 112 to peer 0x110008000 (15 bytes)
1721854233.747248 sending message 112 to peer 0x110008000 (13 bytes)
1721854233.747252 sending message 112 to peer 0x110008000 (10 bytes)
1721854233.747256 sending message 112 to peer 0x110008000 (10 bytes)
1721854233.747260 sending message 112 to peer 0x110008000 (13 bytes)
1721854233.747263 sending message 112 to peer 0x110008000 (9 bytes)
1721854233.747267 sending message 112 to peer 0x110008000 (5 bytes)
1721854233.747271 sending message 112 to peer 0x110008000 (5 bytes)
1721854233.747276 sending message 104 to peer 0x110008000 (0 bytes)
1721854233.747281 sending message 110 to peer 0x110008000 (0 bytes)
1721854233.747285 sending message 107 to peer 0x110008000 (4 bytes)
1721854233.747288 sending message 105 to peer 0x110008000 (29 bytes)
1721854233.747292 sending message 105 to peer 0x110008000 (14 bytes)
1721854233.747296 sending message 105 to peer 0x110008000 (20 bytes)
1721854233.747300 sending message 105 to peer 0x110008000 (22 bytes)
1721854233.747304 sending message 105 to peer 0x110008000 (17 bytes)
1721854233.747308 sending message 105 to peer 0x110008000 (37 bytes)
1721854233.747311 sending message 105 to peer 0x110008000 (30 bytes)
1721854233.747315 sending message 105 to peer 0x110008000 (34 bytes)
1721854233.747319 sending message 105 to peer 0x110008000 (60 bytes)
1721854233.747323 sending message 105 to peer 0x110008000 (22 bytes)
1721854233.747327 sending message 105 to peer 0x110008000 (61 bytes)
1721854233.747331 sending message 105 to peer 0x110008000 (17 bytes)
1721854233.747334 sending message 105 to peer 0x110008000 (19 bytes)
1721854233.747338 sending message 105 to peer 0x110008000 (26 bytes)
1721854233.747342 sending message 105 to peer 0x110008000 (8 bytes)
1721854233.747346 sending message 105 to peer 0x110008000 (13 bytes)
1721854233.747349 sending message 105 to peer 0x110008000 (32 bytes)
1721854233.747353 sending message 105 to peer 0x110008000 (96 bytes)
1721854233.747357 sending message 105 to peer 0x110008000 (194 bytes)
1721854233.747361 sending message 105 to peer 0x110008000 (52 bytes)
1721854233.747365 sending message 105 to peer 0x110008000 (16 bytes)
1721854233.747379 sending message 105 to peer 0x110008000 (25 bytes)
1721854233.747383 sending message 105 to peer 0x110008000 (61 bytes)
1721854233.747387 sending message 105 to peer 0x110008000 (27 bytes)
1721854233.747391 sending message 105 to peer 0x110008000 (11 bytes)
1721854233.747395 sending message 105 to peer 0x110008000 (586 bytes)
1721854233.747399 sending message 105 to peer 0x110008000 (39 bytes)
1721854233.747403 sending message 105 to peer 0x110008000 (15 bytes)
1721854233.747407 sending message 105 to peer 0x110008000 (8 bytes)
1721854233.747411 sending message 105 to peer 0x110008000 (66 bytes)
1721854233.747415 sending message 105 to peer 0x110008000 (19 bytes)
1721854233.747419 sending message 105 to peer 0x110008000 (86 bytes)
1721854233.747423 sending message 105 to peer 0x110008000 (44 bytes)
1721854233.747427 sending message 105 to peer 0x110008000 (18 bytes)
1721854233.747430 sending message 105 to peer 0x110008000 (25 bytes)
1721854233.747434 sending message 105 to peer 0x110008000 (60 bytes)
1721854233.747438 sending message 105 to peer 0x110008000 (57 bytes)
1721854233.747442 sending message 105 to peer 0x110008000 (42 bytes)
1721854233.747446 sending message 105 to peer 0x110008000 (14 bytes)
1721854233.747450 sending message 105 to peer 0x110008000 (10 bytes)
1721854233.747454 sending message 105 to peer 0x110008000 (14 bytes)
1721854233.747457 sending message 105 to peer 0x110008000 (19 bytes)
1721854233.747461 sending message 105 to peer 0x110008000 (27 bytes)
1721854233.747465 sending message 105 to peer 0x110008000 (43 bytes)
1721854233.747469 sending message 105 to peer 0x110008000 (32 bytes)
1721854233.747473 sending message 105 to peer 0x110008000 (35 bytes)
1721854233.747477 sending message 105 to peer 0x110008000 (25 bytes)
1721854233.747480 sending message 106 to peer 0x110008000 (0 bytes)
1721854233.747533 sending message 200 to peer 0x110008000 (4 bytes)
1721854233.747540 client loop enter
1721854233.747995 peer 0x110008000 message 303
1721854233.748004 open write file 2 -
1721854233.748016 sending message 305 to peer 0x110008000 (8 bytes)
1721854233.748030 write check file 2
1721854233.748069 peer 0x110008000 message 304
1721854233.748074 write 58 to file 2
1721854233.748079 peer 0x110008000 message 203
1721854233.748084 file 2 58 bytes left
1721854233.748097 write check file 2
1721854233.748101 client loop exit
